#
# A fatal error has been detected by the Java Runtime Environment:
#
#  Internal Error (safepoint.cpp:712), pid=4155, tid=0x0000000000009e0f
#  fatal error: Illegal threadstate encountered: 4
#
# JRE version: Java(TM) SE Runtime Environment (8.0_241-b07) (build 1.8.0_241-b07)
# Java VM: Java HotSpot(TM) 64-Bit Server VM (25.241-b07 mixed mode bsd-amd64 compressed oops)
# Failed to write core dump. Core dumps have been disabled. To enable core dumping, try "ulimit -c unlimited" before starting Java again
#
# If you would like to submit a bug report, please visit:
#   http://bugreport.java.com/bugreport/crash.jsp
# The crash happened outside the Java Virtual Machine in native code.
# See problematic frame for where to report the bug.
#

---------------  T H R E A D  ---------------

Current thread (0x00007fb9821fb800):  JavaThread "Thread-1" daemon [_thread_in_native, id=40463, stack(0x000070000e953000,0x000070000ea53000)]

Stack: [0x000070000e953000,0x000070000ea53000],  sp=0x000070000ea51c80,  free space=1019k
Native frames: (J=compiled Java code, j=interpreted, Vv=VM code, C=native code)
V  [libjvm.dylib+0x5bc994]
V  [libjvm.dylib+0x1ea9f9]
V  [libjvm.dylib+0x4e8072]
V  [libjvm.dylib+0x575a72]
V  [libjvm.dylib+0x16b806]
V  [libjvm.dylib+0x318381]
C  [libglass.dylib+0x5155]  -[GlassRunnable dealloc]+0x35
C  [libobjc.A.dylib+0x260fe]  _ZN11objc_object17sidetable_releaseEbb+0xe8
C  [Foundation+0x8210b]  -[_NSThreadPerformInfo dealloc]+0x2a
C  [libobjc.A.dylib+0x260fe]  _ZN11objc_object17sidetable_releaseEbb+0xe8
C  [Foundation+0x4edc7]  -[NSObject(NSThreadPerformAdditions) performSelectorOnMainThread:withObject:waitUntilDone:]+0x7c
j  com.sun.glass.ui.mac.MacApplication._submitForLaterInvocation(Ljava/lang/Runnable;)V+0
j  com.sun.glass.ui.mac.MacApplication.submitForLaterInvocation(Ljava/lang/Runnable;)V+2
j  com.sun.glass.ui.InvokeLaterDispatcher.run()V+82
v  ~StubRoutines::call_stub
V  [libjvm.dylib+0x2f1b06]
V  [libjvm.dylib+0x2f22aa]
V  [libjvm.dylib+0x2f2456]
V  [libjvm.dylib+0x34cd45]
V  [libjvm.dylib+0x576b93]
V  [libjvm.dylib+0x57828e]
V  [libjvm.dylib+0x490b86]
C  [libsystem_pthread.dylib+0x6514]  _pthread_start+0x7d
C  [libsystem_pthread.dylib+0x202f]  thread_start+0xf
C  0x0000000000000000

Java frames: (J=compiled Java code, j=interpreted, Vv=VM code)
j  com.sun.glass.ui.mac.MacApplication._submitForLaterInvocation(Ljava/lang/Runnable;)V+0
j  com.sun.glass.ui.mac.MacApplication.submitForLaterInvocation(Ljava/lang/Runnable;)V+2
j  com.sun.glass.ui.InvokeLaterDispatcher.run()V+82
v  ~StubRoutines::call_stub

---------------  P R O C E S S  ---------------

Java Threads: ( => current thread )
  0x00007fb98227f000 JavaThread "Prism Font Disposer" daemon [_thread_blocked, id=77331, stack(0x000070000ee68000,0x000070000ef68000)]
  0x00007fb983945000 JavaThread "Attach Listener" daemon [_thread_blocked, id=77579, stack(0x000070000ed65000,0x000070000ee65000)]
  0x00007fb984168000 JavaThread "PulseTimer-CVDisplayLink thread" daemon [_thread_in_native, id=79883, stack(0x000070000ea56000,0x000070000ead6000)]
  0x00007fb983904000 JavaThread "JavaFX-Launcher" [_thread_blocked, id=82695, stack(0x000070000ec62000,0x000070000ed62000)]
  0x00007fb9838af800 JavaThread "JavaFX Application Thread" [_thread_in_native, id=259, stack(0x00007ff7bcf7a000,0x00007ff7bd77a000)]
=>0x00007fb9821fb800 JavaThread "Thread-1" daemon [_thread_in_native, id=40463, stack(0x000070000e953000,0x000070000ea53000)]
  0x00007fb9828ae800 JavaThread "QuantumRenderer-0" daemon [_thread_blocked, id=14851, stack(0x000070000e850000,0x000070000e950000)]
  0x00007fb98386f800 JavaThread "Service Thread" daemon [_thread_blocked, id=15875, stack(0x000070000e64a000,0x000070000e74a000)]
  0x00007fb98280f000 JavaThread "C1 CompilerThread2" daemon [_thread_blocked, id=16387, stack(0x000070000e547000,0x000070000e647000)]
  0x00007fb98208b000 JavaThread "C2 CompilerThread1" daemon [_thread_blocked, id=16899, stack(0x000070000e444000,0x000070000e544000)]
  0x00007fb98204d800 JavaThread "C2 CompilerThread0" daemon [_thread_blocked, id=17411, stack(0x000070000e341000,0x000070000e441000)]
  0x00007fb982049000 JavaThread "Monitor Ctrl-Break" daemon [_thread_in_native, id=17667, stack(0x000070000e23e000,0x000070000e33e000)]
  0x00007fb982025800 JavaThread "Signal Dispatcher" daemon [_thread_blocked, id=17923, stack(0x000070000e13b000,0x000070000e23b000)]
  0x00007fb984024800 JavaThread "Finalizer" daemon [_thread_blocked, id=20227, stack(0x000070000df32000,0x000070000e032000)]
  0x00007fb98382e000 JavaThread "Reference Handler" daemon [_thread_blocked, id=20739, stack(0x000070000de2f000,0x000070000df2f000)]
  0x00007fb98380d800 JavaThread "main" [_thread_blocked, id=3587, stack(0x000070000d81d000,0x000070000d91d000)]

Other Threads:
  0x00007fb98201d000 VMThread [stack: 0x000070000dd2c000,0x000070000de2c000] [id=21251]
  0x00007fb983809800 WatcherThread [stack: 0x000070000e74d000,0x000070000e84d000] [id=15363]

VM state:not at safepoint (normal execution)

VM Mutex/Monitor currently owned by a thread: None

heap address: 0x0000000740000000, size: 2048 MB, Compressed Oops mode: Zero based, Oop shift amount: 3
Narrow klass base: 0x0000000000000000, Narrow klass shift: 3
Compressed class space size: 1073741824 Address: 0x00000007c0000000

Heap:
 PSYoungGen      total 38400K, used 17291K [0x0000000795580000, 0x0000000798000000, 0x00000007c0000000)
  eden space 33280K, 41% used [0x0000000795580000,0x00000007962eaed0,0x0000000797600000)
  from space 5120K, 69% used [0x0000000797600000,0x0000000797978040,0x0000000797b00000)
  to   space 5120K, 0% used [0x0000000797b00000,0x0000000797b00000,0x0000000798000000)
 ParOldGen       total 87552K, used 16K [0x0000000740000000, 0x0000000745580000, 0x0000000795580000)
  object space 87552K, 0% used [0x0000000740000000,0x0000000740004000,0x0000000745580000)
 Metaspace       used 15219K, capacity 16146K, committed 16384K, reserved 1062912K
  class space    used 2275K, capacity 2467K, committed 2560K, reserved 1048576K

Card table byte_map: [0x0000000102d6a000,0x000000010316b000] byte_map_base: 0x00000000ff36a000

Marking Bits: (ParMarkBitMap*) 0x0000000104149f80
 Begin Bits: [0x0000000104806000, 0x0000000106806000)
 End Bits:   [0x0000000106806000, 0x0000000108806000)

Polling page: 0x00000001028c0000

CodeCache: size=245760Kb used=4604Kb max_used=4604Kb free=241156Kb
 bounds [0x000000010fd49000, 0x00000001101d9000, 0x000000011ed49000]
 total_blobs=2102 nmethods=1458 adapters=557
 compilation: enabled

Compilation events (10 events):
Event: 5.538 Thread 0x00007fb98280f000 1433       3       javafx.scene.paint.Color::getOpacity (6 bytes)
Event: 5.538 Thread 0x00007fb98280f000 nmethod 1433 0x00000001101bc110 code [0x00000001101bc260, 0x00000001101bc3b0]
Event: 5.538 Thread 0x00007fb98280f000 1434       3       com.sun.javafx.css.SizeUnits$1::pixels (8 bytes)
Event: 5.539 Thread 0x00007fb98280f000 nmethod 1434 0x00000001101bc450 code [0x00000001101bc5e0, 0x00000001101bc730]
Event: 5.539 Thread 0x00007fb98280f000 1430       3       javafx.scene.paint.Color::hsb (41 bytes)
Event: 5.539 Thread 0x00007fb98280f000 nmethod 1430 0x00000001101bc7d0 code [0x00000001101bc960, 0x00000001101bcc28]
Event: 5.539 Thread 0x00007fb98280f000 1431       3       javafx.scene.paint.Color::checkSB (89 bytes)
Event: 5.539 Thread 0x00007fb98204d800 1438       4       com.sun.javafx.collections.ObservableListWrapper::get (11 bytes)
Event: 5.540 Thread 0x00007fb98280f000 nmethod 1431 0x00000001101bce50 code [0x00000001101bd160, 0x00000001101be778]
Event: 5.540 Thread 0x00007fb98280f000 1432       3       com.sun.javafx.util.Utils::HSBtoRGB (257 bytes)

GC Heap History (2 events):
Event: 1.360 GC heap before
{Heap before GC invocations=1 (full 0):
 PSYoungGen      total 38400K, used 33280K [0x0000000795580000, 0x0000000798000000, 0x00000007c0000000)
  eden space 33280K, 100% used [0x0000000795580000,0x0000000797600000,0x0000000797600000)
  from space 5120K, 0% used [0x0000000797b00000,0x0000000797b00000,0x0000000798000000)
  to   space 5120K, 0% used [0x0000000797600000,0x0000000797600000,0x0000000797b00000)
 ParOldGen       total 87552K, used 0K [0x0000000740000000, 0x0000000745580000, 0x0000000795580000)
  object space 87552K, 0% used [0x0000000740000000,0x0000000740000000,0x0000000745580000)
 Metaspace       used 12136K, capacity 12630K, committed 12928K, reserved 1060864K
  class space    used 1727K, capacity 1859K, committed 1920K, reserved 1048576K
Event: 1.373 GC heap after
Heap after GC invocations=1 (full 0):
 PSYoungGen      total 38400K, used 3552K [0x0000000795580000, 0x0000000798000000, 0x00000007c0000000)
  eden space 33280K, 0% used [0x0000000795580000,0x0000000795580000,0x0000000797600000)
  from space 5120K, 69% used [0x0000000797600000,0x0000000797978040,0x0000000797b00000)
  to   space 5120K, 0% used [0x0000000797b00000,0x0000000797b00000,0x0000000798000000)
 ParOldGen       total 87552K, used 16K [0x0000000740000000, 0x0000000745580000, 0x0000000795580000)
  object space 87552K, 0% used [0x0000000740000000,0x0000000740004000,0x0000000745580000)
 Metaspace       used 12136K, capacity 12630K, committed 12928K, reserved 1060864K
  class space    used 1727K, capacity 1859K, committed 1920K, reserved 1048576K
}

Deoptimization events (10 events):
Event: 1.073 Thread 0x00007fb9838af800 Uncommon trap: reason=class_check action=maybe_recompile pc=0x000000010ff9c784 method=java.io.DataInputStream.readShort()S @ 4
Event: 1.080 Thread 0x00007fb9838af800 Uncommon trap: reason=class_check action=maybe_recompile pc=0x000000010fe67ac8 method=java.lang.String.equals(Ljava/lang/Object;)Z @ 8
Event: 1.080 Thread 0x00007fb9838af800 Uncommon trap: reason=class_check action=maybe_recompile pc=0x000000010fe67ac8 method=java.lang.String.equals(Ljava/lang/Object;)Z @ 8
Event: 1.080 Thread 0x00007fb9838af800 Uncommon trap: reason=class_check action=maybe_recompile pc=0x000000010fe67ac8 method=java.lang.String.equals(Ljava/lang/Object;)Z @ 8
Event: 1.082 Thread 0x00007fb9838af800 Uncommon trap: reason=class_check action=maybe_recompile pc=0x000000010fe67ac8 method=java.lang.String.equals(Ljava/lang/Object;)Z @ 8
Event: 1.088 Thread 0x00007fb9838af800 Uncommon trap: reason=unstable_if action=reinterpret pc=0x000000010ffe2e8c method=java.lang.CharacterDataLatin1.toUpperCase(I)I @ 12
Event: 1.376 Thread 0x00007fb9838af800 Uncommon trap: reason=unstable_if action=reinterpret pc=0x000000010ff59fe0 method=java.lang.CharacterData.of(I)Ljava/lang/CharacterData; @ 4
Event: 1.538 Thread 0x00007fb9838af800 Uncommon trap: reason=unstable_if action=reinterpret pc=0x0000000110085f2c method=sun.misc.URLClassPath$JarLoader.ensureOpen()V @ 4
Event: 1.626 Thread 0x00007fb9838af800 Uncommon trap: reason=unstable_if action=reinterpret pc=0x0000000110020de4 method=jdk.internal.org.objectweb.asm.Type.getArgumentsAndReturnSizes(Ljava/lang/String;)I @ 47
Event: 1.632 Thread 0x00007fb9828ae800 Uncommon trap: reason=unstable_if action=reinterpret pc=0x000000010ffeef14 method=sun.net.www.ParseUtil.encodePath(Ljava/lang/String;Z)Ljava/lang/String; @ 109

Classes redefined (0 events):
No events

Internal exceptions (10 events):
Event: 0.189 Thread 0x00007fb98380d800 Exception <a 'java/lang/NoSuchFieldError': method resolution failed> (0x000000079596a598) thrown at [/jenkins/workspace/8-2-build-macosx-x86_64/jdk8u241/331/hotspot/src/share/vm/prims/methodHandles.cpp, line 1167]
Event: 0.211 Thread 0x00007fb98380d800 Exception <a 'java/security/PrivilegedActionException'> (0x0000000795a19538) thrown at [/jenkins/workspace/8-2-build-macosx-x86_64/jdk8u241/331/hotspot/src/share/vm/prims/jvm.cpp, line 1502]
Event: 0.211 Thread 0x00007fb98380d800 Exception <a 'java/security/PrivilegedActionException'> (0x0000000795a19748) thrown at [/jenkins/workspace/8-2-build-macosx-x86_64/jdk8u241/331/hotspot/src/share/vm/prims/jvm.cpp, line 1502]
Event: 0.212 Thread 0x00007fb98380d800 Exception <a 'java/security/PrivilegedActionException'> (0x0000000795a1ca78) thrown at [/jenkins/workspace/8-2-build-macosx-x86_64/jdk8u241/331/hotspot/src/share/vm/prims/jvm.cpp, line 1502]
Event: 0.212 Thread 0x00007fb98380d800 Exception <a 'java/security/PrivilegedActionException'> (0x0000000795a1cc88) thrown at [/jenkins/workspace/8-2-build-macosx-x86_64/jdk8u241/331/hotspot/src/share/vm/prims/jvm.cpp, line 1502]
Event: 0.213 Thread 0x00007fb98380d800 Exception <a 'java/lang/NullPointerException'> (0x0000000795a1d690) thrown at [/jenkins/workspace/8-2-build-macosx-x86_64/jdk8u241/331/hotspot/src/share/vm/interpreter/linkResolver.cpp, line 1185]
Event: 0.621 Thread 0x00007fb9838af800 Exception <a 'java/lang/NullPointerException'> (0x000000079651fd28) thrown at [/jenkins/workspace/8-2-build-macosx-x86_64/jdk8u241/331/hotspot/src/share/vm/interpreter/linkResolver.cpp, line 1185]
Event: 0.621 Thread 0x00007fb9838af800 Exception <a 'java/lang/NullPointerException'> (0x000000079651fd28) thrown at [/jenkins/workspace/8-2-build-macosx-x86_64/jdk8u241/331/hotspot/src/share/vm/prims/jvm.cpp, line 1506]
Event: 0.879 Thread 0x00007fb9838af800 Implicit null exception at 0x000000010ff9d735 to 0x000000010ff9d931
Event: 1.537 Thread 0x00007fb9838af800 Implicit null exception at 0x0000000110084806 to 0x0000000110085f21

Events (10 events):
Event: 3.785 loading class javafx/event/ActionEvent done
Event: 3.785 loading class javafx/event/ActionEvent
Event: 3.785 loading class javafx/event/ActionEvent done
Event: 3.785 loading class javafx/scene/Scene$ClickCounter
Event: 3.785 loading class javafx/scene/Scene$ClickCounter done
Event: 4.172 Executing VM operation: EnableBiasedLocking
Event: 4.173 Executing VM operation: EnableBiasedLocking done
Event: 5.540 loading class java/util/ArrayList$ListItr
Event: 5.541 loading class java/util/ArrayList$ListItr done
Event: 5.541 Executing VM operation: Deoptimize


Dynamic libraries:
0x00007ff81c389000 	/System/Library/Frameworks/Cocoa.framework/Versions/A/Cocoa
0x00007ff8081c7000 	/System/Library/Frameworks/AppKit.framework/Versions/C/AppKit
0x00007ff80b6b4000 	/System/Library/Frameworks/CoreData.framework/Versions/A/CoreData
0x00007ff8065e2000 	/System/Library/Frameworks/Foundation.framework/Versions/C/Foundation
0x00007ff810529000 	/usr/lib/libSystem.B.dylib
0x00007ff809054000 	/System/Library/PrivateFrameworks/UIFoundation.framework/Versions/A/UIFoundation
0x00007ff816361000 	/System/Library/PrivateFrameworks/RemoteViewServices.framework/Versions/A/RemoteViewServices
0x00007ff80e6d5000 	/System/Library/PrivateFrameworks/XCTTargetBootstrap.framework/Versions/A/XCTTargetBootstrap
0x00007ff812338000 	/System/Library/PrivateFrameworks/InternationalSupport.framework/Versions/A/InternationalSupport
0x00007ff8123c2000 	/System/Library/PrivateFrameworks/UserActivity.framework/Versions/A/UserActivity
0x00007ff811718000 	/usr/lib/libspindump.dylib
0x00007ff8092e2000 	/System/Library/Frameworks/UniformTypeIdentifiers.framework/Versions/A/UniformTypeIdentifiers
0x00007ff80ce14000 	/usr/lib/libapp_launch_measurement.dylib
0x00007ff80c07e000 	/System/Library/PrivateFrameworks/CoreAnalytics.framework/Versions/A/CoreAnalytics
0x00007ff80ce17000 	/System/Library/PrivateFrameworks/CoreAutoLayout.framework/Versions/A/CoreAutoLayout
0x00007ff80e036000 	/System/Library/Frameworks/Metal.framework/Versions/A/Metal
0x00007ff80ed4b000 	/usr/lib/liblangid.dylib
0x00007ff80e6d9000 	/System/Library/PrivateFrameworks/CoreSVG.framework/Versions/A/CoreSVG
0x00007ff80a6a4000 	/System/Library/PrivateFrameworks/SkyLight.framework/Versions/A/SkyLight
0x00007ff80aa35000 	/System/Library/Frameworks/CoreGraphics.framework/Versions/A/CoreGraphics
0x00007ff8169cc000 	/System/Library/Frameworks/Accelerate.framework/Versions/A/Accelerate
0x00007ff811193000 	/System/Library/PrivateFrameworks/IconServices.framework/Versions/A/IconServices
0x00007ff80e01b000 	/System/Library/Frameworks/IOSurface.framework/Versions/A/IOSurface
0x00007ff80c0ac000 	/usr/lib/libDiagnosticMessagesClient.dylib
0x00007ff810449000 	/usr/lib/libz.1.dylib
0x00007ff81a02b000 	/System/Library/Frameworks/ApplicationServices.framework/Versions/A/ApplicationServices
0x00007ff80e6c1000 	/System/Library/PrivateFrameworks/DFRFoundation.framework/Versions/A/DFRFoundation
0x00007ff807ab8000 	/usr/lib/libicucore.A.dylib
0x00007ff81305a000 	/System/Library/Frameworks/AudioToolbox.framework/Versions/A/AudioToolbox
0x00007ff812344000 	/System/Library/PrivateFrameworks/DataDetectorsCore.framework/Versions/A/DataDetectorsCore
0x00007ff90db8a000 	/System/Library/PrivateFrameworks/TextInput.framework/Versions/A/TextInput
0x00007ff80a627000 	/usr/lib/libMobileGestalt.dylib
0x00007ff80e3c9000 	/System/Library/Frameworks/Carbon.framework/Versions/A/Frameworks/HIToolbox.framework/Versions/A/HIToolbox
0x00007ff80c842000 	/System/Library/Frameworks/QuartzCore.framework/Versions/A/QuartzCore
0x00007ff807759000 	/System/Library/Frameworks/Security.framework/Versions/A/Security
0x00007ff816399000 	/System/Library/Frameworks/Carbon.framework/Versions/A/Frameworks/SpeechRecognition.framework/Versions/A/SpeechRecognition
0x00007ff80cb74000 	/System/Library/PrivateFrameworks/CoreUI.framework/Versions/A/CoreUI
0x00007ff807033000 	/System/Library/Frameworks/CoreAudio.framework/Versions/A/CoreAudio
0x00007ff80c19a000 	/System/Library/Frameworks/DiskArbitration.framework/Versions/A/DiskArbitration
0x00007ff811aff000 	/System/Library/PrivateFrameworks/MultitouchSupport.framework/Versions/A/MultitouchSupport
0x00007ff80a626000 	/usr/lib/libenergytrace.dylib
0x00007ff8080b3000 	/System/Library/Frameworks/IOKit.framework/Versions/A/IOKit
0x00007ff816783000 	/System/Library/Frameworks/CoreServices.framework/Versions/A/CoreServices
0x00007ff80cdae000 	/System/Library/PrivateFrameworks/PerformanceAnalysis.framework/Versions/A/PerformanceAnalysis
0x00007ffa1d14b000 	/System/Library/Frameworks/OpenGL.framework/Versions/A/OpenGL
0x00007ff80fa81000 	/System/Library/PrivateFrameworks/MobileKeyBag.framework/Versions/A/MobileKeyBag
0x00007ff8055a3000 	/usr/lib/libobjc.A.dylib
0x00007ff80b101000 	/System/Library/Frameworks/ColorSync.framework/Versions/A/ColorSync
0x00007ff80575c000 	/System/Library/Frameworks/CoreFoundation.framework/Versions/A/CoreFoundation
0x00007ff80e952000 	/System/Library/Frameworks/CoreImage.framework/Versions/A/CoreImage
0x00007ff806e49000 	/System/Library/Frameworks/CoreText.framework/Versions/A/CoreText
0x00007ff80e708000 	/System/Library/Frameworks/ImageIO.framework/Versions/A/ImageIO
0x00007ff81052f000 	/System/Library/PrivateFrameworks/SoftLinking.framework/Versions/A/SoftLinking
0x00007ff80ce5f000 	/usr/lib/libxml2.2.dylib
0x00007ff805669000 	/usr/lib/libc++.1.dylib
0x00007ff8107b2000 	/usr/lib/libcompression.dylib
0x00007ff81226e000 	/System/Library/PrivateFrameworks/TextureIO.framework/Versions/A/TextureIO
0x00007ff810ea5000 	/usr/lib/libate.dylib
0x00007ff810524000 	/usr/lib/system/libcache.dylib
0x00007ff8104e0000 	/usr/lib/system/libcommonCrypto.dylib
0x00007ff810509000 	/usr/lib/system/libcompiler_rt.dylib
0x00007ff8104ff000 	/usr/lib/system/libcopyfile.dylib
0x00007ff80549d000 	/usr/lib/system/libcorecrypto.dylib
0x00007ff80555c000 	/usr/lib/system/libdispatch.dylib
0x00007ff80571b000 	/usr/lib/system/libdyld.dylib
0x00007ff81051b000 	/usr/lib/system/libkeymgr.dylib
0x00007ff8104be000 	/usr/lib/system/libmacho.dylib
0x00007ff80fb55000 	/usr/lib/system/libquarantine.dylib
0x00007ff810519000 	/usr/lib/system/libremovefile.dylib
0x00007ff80a673000 	/usr/lib/system/libsystem_asl.dylib
0x00007ff80544b000 	/usr/lib/system/libsystem_blocks.dylib
0x00007ff8055e0000 	/usr/lib/system/libsystem_c.dylib
0x00007ff810511000 	/usr/lib/system/libsystem_collections.dylib
0x00007ff80ed3c000 	/usr/lib/system/libsystem_configuration.dylib
0x00007ff80dffe000 	/usr/lib/system/libsystem_containermanager.dylib
0x00007ff8101fd000 	/usr/lib/system/libsystem_coreservices.dylib
0x00007ff807d41000 	/usr/lib/system/libsystem_darwin.dylib
0x00007ff81051c000 	/usr/lib/system/libsystem_dnssd.dylib
0x00007ff8055dd000 	/usr/lib/system/libsystem_featureflags.dylib
0x00007ff805731000 	/usr/lib/system/libsystem_info.dylib
0x00007ff81045c000 	/usr/lib/system/libsystem_m.dylib
0x00007ff805530000 	/usr/lib/system/libsystem_malloc.dylib
0x00007ff80a610000 	/usr/lib/system/libsystem_networkextension.dylib
0x00007ff808169000 	/usr/lib/system/libsystem_notify.dylib
0x00007ff81665a000 	/usr/lib/system/libsystem_product_info_filter.dylib
0x00007ff80ed40000 	/usr/lib/system/libsystem_sandbox.dylib
0x00007ff810516000 	/usr/lib/system/libsystem_secinit.dylib
0x00007ff8056d8000 	/usr/lib/system/libsystem_kernel.dylib
0x00007ff805727000 	/usr/lib/system/libsystem_platform.dylib
0x00007ff80570f000 	/usr/lib/system/libsystem_pthread.dylib
0x00007ff80bec4000 	/usr/lib/system/libsystem_symptoms.dylib
0x00007ff805484000 	/usr/lib/system/libsystem_trace.dylib
0x00007ff8104ec000 	/usr/lib/system/libunwind.dylib
0x00007ff80544d000 	/usr/lib/system/libxpc.dylib
0x00007ff8056c2000 	/usr/lib/libc++abi.dylib
0x00007ff8104f7000 	/usr/lib/liboah.dylib
0x00007ff810c83000 	/usr/lib/liblzma.5.dylib
0x00007ff8062f3000 	/System/Library/Frameworks/SystemConfiguration.framework/Versions/A/SystemConfiguration
0x00007ff81052b000 	/usr/lib/libfakelink.dylib
0x00007ff80a17a000 	/System/Library/Frameworks/CFNetwork.framework/Versions/A/CFNetwork
0x00007ff81066a000 	/usr/lib/libarchive.2.dylib
0x00007ff80ed47000 	/System/Library/PrivateFrameworks/AppleSystemInfo.framework/Versions/A/AppleSystemInfo
0x00007ff80fb7b000 	/usr/lib/libbsm.0.dylib
0x00007ff8097b1000 	/usr/lib/libnetwork.dylib
0x00007ff8104c4000 	/usr/lib/system/libkxld.dylib
0x00007ff80f7aa000 	/System/Library/PrivateFrameworks/IOMobileFramebuffer.framework/Versions/A/IOMobileFramebuffer
0x00007ffb1ac34000 	/usr/lib/libCoreEntitlements.dylib
0x00007ff8101df000 	/System/Library/PrivateFrameworks/AppleFSCompression.framework/Versions/A/AppleFSCompression
0x00007ff80fb64000 	/usr/lib/libcoretls.dylib
0x00007ff810c9d000 	/usr/lib/libcoretls_cfhelpers.dylib
0x00007ff8107ad000 	/usr/lib/libpam.2.dylib
0x00007ff80bae6000 	/usr/lib/libsqlite3.dylib
0x00007ff810d0c000 	/usr/lib/libxar.1.dylib
0x00007ff8101ef000 	/usr/lib/libbz2.1.0.dylib
0x00007ff810530000 	/usr/lib/libpcap.A.dylib
0x00007ff80bebb000 	/usr/lib/libdns_services.dylib
0x00007ff81077c000 	/usr/lib/libapple_nghttp2.dylib
0x00007ff810567000 	/usr/lib/libiconv.2.dylib
0x00007ff8104bd000 	/usr/lib/libcharset.1.dylib
0x00007ff80cde2000 	/System/Library/Frameworks/CoreServices.framework/Versions/A/Frameworks/FSEvents.framework/Versions/A/FSEvents
0x00007ff807d4b000 	/System/Library/Frameworks/CoreServices.framework/Versions/A/Frameworks/CarbonCore.framework/Versions/A/CarbonCore
0x00007ff80c0ff000 	/System/Library/Frameworks/CoreServices.framework/Versions/A/Frameworks/Metadata.framework/Versions/A/Metadata
0x00007ff810202000 	/System/Library/Frameworks/CoreServices.framework/Versions/A/Frameworks/OSServices.framework/Versions/A/OSServices
0x00007ff8106f0000 	/System/Library/Frameworks/CoreServices.framework/Versions/A/Frameworks/SearchKit.framework/Versions/A/SearchKit
0x00007ff80be4d000 	/System/Library/Frameworks/CoreServices.framework/Versions/A/Frameworks/AE.framework/Versions/A/AE
0x00007ff805c5f000 	/System/Library/Frameworks/CoreServices.framework/Versions/A/Frameworks/LaunchServices.framework/Versions/A/LaunchServices
0x00007ff810c34000 	/System/Library/Frameworks/CoreServices.framework/Versions/A/Frameworks/DictionaryServices.framework/Versions/A/DictionaryServices
0x00007ff80cdef000 	/System/Library/Frameworks/CoreServices.framework/Versions/A/Frameworks/SharedFileList.framework/Versions/A/SharedFileList
0x00007ff80fb58000 	/usr/lib/libCheckFix.dylib
0x00007ff80a68a000 	/System/Library/PrivateFrameworks/TCC.framework/Versions/A/TCC
0x00007ff80ed4d000 	/System/Library/PrivateFrameworks/CoreNLP.framework/Versions/A/CoreNLP
0x00007ff80c0af000 	/System/Library/PrivateFrameworks/MetadataUtilities.framework/Versions/A/MetadataUtilities
0x00007ff8063a3000 	/usr/lib/libmecabra.dylib
0x00007ff80fb8b000 	/usr/lib/libmecab.dylib
0x00007ff80636e000 	/usr/lib/libCRFSuite.dylib
0x00007ff80fbe8000 	/usr/lib/libgermantok.dylib
0x00007ff810757000 	/usr/lib/libThaiTokenizer.dylib
0x00007ff80c1a1000 	/System/Library/Frameworks/Accelerate.framework/Versions/A/Frameworks/vImage.framework/Versions/A/vImage
0x00007ff81675a000 	/System/Library/Frameworks/Accelerate.framework/Versions/A/Frameworks/vecLib.framework/Versions/A/vecLib
0x00007ff810d4d000 	/System/Library/Frameworks/Accelerate.framework/Versions/A/Frameworks/vecLib.framework/Versions/A/libvMisc.dylib
0x00007ff80f5c8000 	/System/Library/Frameworks/Accelerate.framework/Versions/A/Frameworks/vecLib.framework/Versions/A/libvDSP.dylib
0x00007ff805fd7000 	/System/Library/Frameworks/Accelerate.framework/Versions/A/Frameworks/vecLib.framework/Versions/A/libBLAS.dylib
0x00007ff81088e000 	/System/Library/Frameworks/Accelerate.framework/Versions/A/Frameworks/vecLib.framework/Versions/A/libLAPACK.dylib
0x00007ff80fbeb000 	/System/Library/Frameworks/Accelerate.framework/Versions/A/Frameworks/vecLib.framework/Versions/A/libLinearAlgebra.dylib
0x00007ff810795000 	/System/Library/Frameworks/Accelerate.framework/Versions/A/Frameworks/vecLib.framework/Versions/A/libSparseBLAS.dylib
0x00007ff810888000 	/System/Library/Frameworks/Accelerate.framework/Versions/A/Frameworks/vecLib.framework/Versions/A/libQuadrature.dylib
0x00007ff80ee37000 	/System/Library/Frameworks/Accelerate.framework/Versions/A/Frameworks/vecLib.framework/Versions/A/libBNNS.dylib
0x00007ff806284000 	/System/Library/Frameworks/Accelerate.framework/Versions/A/Frameworks/vecLib.framework/Versions/A/libSparse.dylib
0x00007ff80ee30000 	/System/Library/PrivateFrameworks/LinguisticData.framework/Versions/A/LinguisticData
0x00007ff806239000 	/System/Library/PrivateFrameworks/Lexicon.framework/Versions/A/Lexicon
0x00007ff810d46000 	/usr/lib/libChineseTokenizer.dylib
0x00007ff80699d000 	/System/Library/PrivateFrameworks/LanguageModeling.framework/Versions/A/LanguageModeling
0x00007ff810759000 	/System/Library/PrivateFrameworks/AppleSauce.framework/Versions/A/AppleSauce
0x00007ff80f798000 	/System/Library/PrivateFrameworks/CoreEmoji.framework/Versions/A/CoreEmoji
0x00007ff810659000 	/usr/lib/libcmph.dylib
0x00007ff80cdc6000 	/System/Library/Frameworks/OpenDirectory.framework/Versions/A/Frameworks/CFOpenDirectory.framework/Versions/A/CFOpenDirectory
0x00007ff80cdba000 	/System/Library/Frameworks/OpenDirectory.framework/Versions/A/OpenDirectory
0x00007ff810c9f000 	/System/Library/PrivateFrameworks/APFS.framework/Versions/A/APFS
0x00007ff80fab9000 	/System/Library/Frameworks/SecurityFoundation.framework/Versions/A/SecurityFoundation
0x00007ff810d1a000 	/usr/lib/libutil.dylib
0x00007ff808076000 	/System/Library/PrivateFrameworks/CoreServicesStore.framework/Versions/A/CoreServicesStore
0x00007ff810d1e000 	/usr/lib/libxslt.1.dylib
0x00007ff80fb46000 	/System/Library/PrivateFrameworks/BackgroundTaskManagement.framework/Versions/A/BackgroundTaskManagement
0x00007ff81218e000 	/System/Library/Frameworks/ImageIO.framework/Versions/A/Resources/libRadiance.dylib
0x00007ff812197000 	/System/Library/Frameworks/ImageIO.framework/Versions/A/Resources/libJPEG.dylib
0x00007ff8120e7000 	/System/Library/Frameworks/ImageIO.framework/Versions/A/Resources/libPng.dylib
0x00007ff812108000 	/System/Library/Frameworks/ImageIO.framework/Versions/A/Resources/libTIFF.dylib
0x00007ff8121f7000 	/System/Library/Frameworks/ImageIO.framework/Versions/A/Resources/libGIF.dylib
0x00007ff811a18000 	/System/Library/Frameworks/ImageIO.framework/Versions/A/Resources/libJP2.dylib
0x00007ff81115a000 	/usr/lib/libexpat.1.dylib
0x00007ff8119cd000 	/System/Library/PrivateFrameworks/AppleJPEG.framework/Versions/A/AppleJPEG
0x00007ff80e290000 	/System/Library/PrivateFrameworks/FontServices.framework/libFontParser.dylib
0x00007ff80bdf7000 	/System/Library/PrivateFrameworks/RunningBoardServices.framework/Versions/A/RunningBoardServices
0x00007ff81c8fa000 	/System/Library/PrivateFrameworks/IOSurfaceAccelerator.framework/Versions/A/IOSurfaceAccelerator
0x00007ff811afb000 	/System/Library/PrivateFrameworks/WatchdogClient.framework/Versions/A/WatchdogClient
0x00007ff806a8c000 	/System/Library/Frameworks/CoreDisplay.framework/Versions/A/CoreDisplay
0x00007ff80e190000 	/System/Library/Frameworks/CoreMedia.framework/Versions/A/CoreMedia
0x00007ff80e02d000 	/System/Library/PrivateFrameworks/IOAccelerator.framework/Versions/A/IOAccelerator
0x00007ff80cf42000 	/System/Library/Frameworks/CoreVideo.framework/Versions/A/CoreVideo
0x00007ff8107ab000 	/System/Library/Frameworks/MetalPerformanceShaders.framework/Versions/A/MetalPerformanceShaders
0x00007ff811b36000 	/System/Library/Frameworks/VideoToolbox.framework/Versions/A/VideoToolbox
0x00007ff80bd3f000 	/System/Library/PrivateFrameworks/BaseBoard.framework/Versions/A/BaseBoard
0x00007ff80bacc000 	/System/Library/PrivateFrameworks/ProtocolBuffer.framework/Versions/A/ProtocolBuffer
0x00007ff812187000 	/System/Library/PrivateFrameworks/GPUWrangler.framework/Versions/A/GPUWrangler
0x00007ff81216a000 	/System/Library/PrivateFrameworks/IOPresentment.framework/Versions/A/IOPresentment
0x00007ff812191000 	/System/Library/PrivateFrameworks/DSExternalDisplay.framework/Versions/A/DSExternalDisplay
0x00007ffa1d13f000 	/System/Library/Frameworks/OpenGL.framework/Versions/A/Libraries/libCoreFSCache.dylib
0x00007ffb09233000 	/System/Library/PrivateFrameworks/GPUCompiler.framework/Versions/31001/Libraries/libGPUCompilerUtils.dylib
0x00007ff8121fc000 	/System/Library/PrivateFrameworks/CMCaptureCore.framework/Versions/A/CMCaptureCore
0x00007ff811706000 	/System/Library/PrivateFrameworks/AppServerSupport.framework/Versions/A/AppServerSupport
0x00007ff8138d7000 	/System/Library/PrivateFrameworks/perfdata.framework/Versions/A/perfdata
0x00007ff806bb8000 	/System/Library/PrivateFrameworks/AudioToolboxCore.framework/Versions/A/AudioToolboxCore
0x00007ff80e16d000 	/System/Library/PrivateFrameworks/caulk.framework/Versions/A/caulk
0x00007ff813204000 	/usr/lib/libAudioStatistics.dylib
0x00007ff90a449000 	/System/Library/PrivateFrameworks/SystemPolicy.framework/Versions/A/SystemPolicy
0x00007ff813450000 	/usr/lib/libSMC.dylib
0x00007ff81c23c000 	/System/Library/Frameworks/CoreMIDI.framework/Versions/A/CoreMIDI
0x00007ff8120b7000 	/usr/lib/libAudioToolboxUtility.dylib
0x00007ff9068d1000 	/System/Library/PrivateFrameworks/OSAServicesClient.framework/Versions/A/OSAServicesClient
0x00007ff8138e4000 	/usr/lib/libperfcheck.dylib
0x00007ff90aed5000 	/usr/lib/libmis.dylib
0x00007ffa1d19b000 	/System/Library/Frameworks/OpenGL.framework/Versions/A/Libraries/libGLU.dylib
0x00007ffa1d15e000 	/System/Library/Frameworks/OpenGL.framework/Versions/A/Libraries/libGFXShared.dylib
0x00007ffa1d36c000 	/System/Library/Frameworks/OpenGL.framework/Versions/A/Libraries/libGL.dylib
0x00007ffa1d167000 	/System/Library/Frameworks/OpenGL.framework/Versions/A/Libraries/libGLImage.dylib
0x00007ffa1d15b000 	/System/Library/Frameworks/OpenGL.framework/Versions/A/Libraries/libCVMSPluginSupport.dylib
0x00007ffa1d146000 	/System/Library/Frameworks/OpenGL.framework/Versions/A/Libraries/libCoreVMClient.dylib
0x00007ff80eccb000 	/System/Library/Frameworks/MetalPerformanceShaders.framework/Versions/A/Frameworks/MPSCore.framework/Versions/A/MPSCore
0x00007ff81014a000 	/System/Library/Frameworks/MetalPerformanceShaders.framework/Versions/A/Frameworks/MPSImage.framework/Versions/A/MPSImage
0x00007ff80fc01000 	/System/Library/Frameworks/MetalPerformanceShaders.framework/Versions/A/Frameworks/MPSNeuralNetwork.framework/Versions/A/MPSNeuralNetwork
0x00007ff810076000 	/System/Library/Frameworks/MetalPerformanceShaders.framework/Versions/A/Frameworks/MPSMatrix.framework/Versions/A/MPSMatrix
0x00007ff80fe32000 	/System/Library/Frameworks/MetalPerformanceShaders.framework/Versions/A/Frameworks/MPSRayIntersector.framework/Versions/A/MPSRayIntersector
0x00007ff8100af000 	/System/Library/Frameworks/MetalPerformanceShaders.framework/Versions/A/Frameworks/MPSNDArray.framework/Versions/A/MPSNDArray
0x00007ffa21d44000 	/System/Library/Frameworks/MetalPerformanceShaders.framework/Versions/A/Frameworks/MPSFunctions.framework/Versions/A/MPSFunctions
0x00007ff805eba000 	/System/Library/PrivateFrameworks/MetalTools.framework/Versions/A/MetalTools
0x00007ff80ed45000 	/System/Library/PrivateFrameworks/AggregateDictionary.framework/Versions/A/AggregateDictionary
0x00007ff810f3c000 	/usr/lib/libIOReport.dylib
0x00007ffa1e77b000 	/System/Library/Frameworks/OpenCL.framework/Versions/A/OpenCL
0x00007ff8112a0000 	/System/Library/PrivateFrameworks/FaceCore.framework/Versions/A/FaceCore
0x00007ff811291000 	/System/Library/PrivateFrameworks/GraphVisualizer.framework/Versions/A/GraphVisualizer
0x00007ffb0913e000 	/System/Library/PrivateFrameworks/FontServices.framework/Versions/A/FontServices
0x00007ff8116bd000 	/System/Library/PrivateFrameworks/OTSVG.framework/Versions/A/OTSVG
0x00007ff80cb2a000 	/System/Library/Frameworks/ApplicationServices.framework/Versions/A/Frameworks/ATS.framework/Versions/A/Resources/libFontRegistry.dylib
0x00007ff81170e000 	/System/Library/PrivateFrameworks/FontServices.framework/libhvf.dylib
0x00007ffb0913f000 	/System/Library/PrivateFrameworks/FontServices.framework/libXTFontStaticRegistryData.dylib
0x00007ff81110a000 	/System/Library/PrivateFrameworks/AppleVA.framework/Versions/A/AppleVA
0x00007ff813224000 	/System/Library/Frameworks/ApplicationServices.framework/Versions/A/Frameworks/ATS.framework/Versions/A/ATS
0x00007ff80b1fd000 	/System/Library/Frameworks/ApplicationServices.framework/Versions/A/Frameworks/HIServices.framework/Versions/A/HIServices
0x00007ff812206000 	/System/Library/Frameworks/ApplicationServices.framework/Versions/A/Frameworks/PrintCore.framework/Versions/A/PrintCore
0x00007ff8135a3000 	/System/Library/Frameworks/ApplicationServices.framework/Versions/A/Frameworks/QD.framework/Versions/A/QD
0x00007ff81359b000 	/System/Library/Frameworks/ApplicationServices.framework/Versions/A/Frameworks/ColorSyncLegacy.framework/Versions/A/ColorSyncLegacy
0x00007ff813214000 	/System/Library/Frameworks/ApplicationServices.framework/Versions/A/Frameworks/SpeechSynthesis.framework/Versions/A/SpeechSynthesis
0x00007ff8121c7000 	/System/Library/Frameworks/ApplicationServices.framework/Versions/A/Frameworks/ATSUI.framework/Versions/A/ATSUI
0x00007ff813530000 	/usr/lib/libcups.2.dylib
0x00007ff8138f3000 	/System/Library/Frameworks/Kerberos.framework/Versions/A/Kerberos
0x00007ff813902000 	/System/Library/Frameworks/GSS.framework/Versions/A/GSS
0x00007ff813290000 	/usr/lib/libresolv.9.dylib
0x00007ff81171d000 	/System/Library/PrivateFrameworks/Heimdal.framework/Versions/A/Heimdal
0x00007ff81a3a6000 	/System/Library/Frameworks/Kerberos.framework/Versions/A/Libraries/libHeimdalProxy.dylib
0x00007ff80becc000 	/System/Library/Frameworks/Network.framework/Versions/A/Network
0x00007ff811174000 	/usr/lib/libheimdal-asn1.dylib
0x00007ff81394d000 	/System/Library/PrivateFrameworks/CommonAuth.framework/Versions/A/CommonAuth
0x00007ff813195000 	/System/Library/PrivateFrameworks/AudioSession.framework/Versions/A/AudioSession
0x00007ff811204000 	/System/Library/PrivateFrameworks/MediaExperience.framework/Versions/A/MediaExperience
0x00007ff813029000 	/System/Library/PrivateFrameworks/AudioSession.framework/libSessionUtility.dylib
0x00007ff8135af000 	/System/Library/PrivateFrameworks/AudioResourceArbitration.framework/Versions/A/AudioResourceArbitration
0x00007ff81117d000 	/System/Library/PrivateFrameworks/IconFoundation.framework/Versions/A/IconFoundation
0x00007ff816389000 	/System/Library/PrivateFrameworks/SpeechRecognitionCore.framework/Versions/A/SpeechRecognitionCore
0x0000000103848000 	/Library/Java/JavaVirtualMachines/jdk1.8.0_241.jdk/Contents/Home/jre/lib/server/libjvm.dylib
0x00007ffb1b6ca000 	/usr/lib/libstdc++.6.dylib
0x00000001028cd000 	/Library/Java/JavaVirtualMachines/jdk1.8.0_241.jdk/Contents/Home/jre/lib/libverify.dylib
0x0000000102911000 	/Library/Java/JavaVirtualMachines/jdk1.8.0_241.jdk/Contents/Home/jre/lib/libjava.dylib
0x0000000102947000 	/Library/Java/JavaVirtualMachines/jdk1.8.0_241.jdk/Contents/Home/jre/lib/libinstrument.dylib
0x00000001028e4000 	/Library/Java/JavaVirtualMachines/jdk1.8.0_241.jdk/Contents/Home/jre/lib/libzip.dylib
0x000000010af42000 	/Library/Java/JavaVirtualMachines/jdk1.8.0_241.jdk/Contents/Home/jre/lib/libnet.dylib
0x000000010afef000 	/Library/Java/JavaVirtualMachines/jdk1.8.0_241.jdk/Contents/Home/jre/lib/libprism_es2.dylib
0x00007ff808037000 	/System/Library/PrivateFrameworks/CoreServicesInternal.framework/Versions/A/CoreServicesInternal
0x00007ffa1d377000 	/System/Library/Frameworks/OpenGL.framework/Versions/A/Resources/GLEngine.bundle/GLEngine
0x00007ffa1d1d9000 	/System/Library/Frameworks/OpenGL.framework/Versions/A/Libraries/libGLProgrammability.dylib
0x00007ffa115a2000 	/System/Library/Extensions/AppleIntelKBLGraphicsGLDriver.bundle/Contents/MacOS/AppleIntelKBLGraphicsGLDriver
0x00007ff914cbe000 	/System/Library/PrivateFrameworks/GPUSupport.framework/Versions/A/Libraries/libGPUSupportMercury.dylib
0x00007ffa1d506000 	/System/Library/Frameworks/OpenGL.framework/Versions/A/Resources/GLRendererFloat.bundle/GLRendererFloat
0x000000010b4e6000 	/Library/Java/JavaVirtualMachines/jdk1.8.0_241.jdk/Contents/Home/jre/lib/libglass.dylib
0x00007ff817b5a000 	/System/Library/Frameworks/FileProvider.framework/Versions/A/FileProvider
0x00007ff80bcab000 	/System/Library/Frameworks/Accounts.framework/Versions/A/Accounts
0x00007ff817cd2000 	/System/Library/PrivateFrameworks/GenerationalStorage.framework/Versions/A/GenerationalStorage
0x00007ff8187df000 	/System/Library/PrivateFrameworks/CoreSymbolication.framework/Versions/A/CoreSymbolication
0x00007ff81755e000 	/System/Library/PrivateFrameworks/SymptomDiagnosticReporter.framework/Versions/A/SymptomDiagnosticReporter
0x00007ff8092f6000 	/System/Library/PrivateFrameworks/DesktopServicesPriv.framework/Versions/A/DesktopServicesPriv
0x00007ff808178000 	/usr/lib/libsandbox.1.dylib
0x00007ff80cfc0000 	/System/Library/PrivateFrameworks/UserManagement.framework/Versions/A/UserManagement
0x00007ff8187a4000 	/System/Library/PrivateFrameworks/DebugSymbols.framework/Versions/A/DebugSymbols
0x00007ff813590000 	/System/Library/PrivateFrameworks/NetAuth.framework/Versions/A/NetAuth
0x00007ff81447c000 	/System/Library/PrivateFrameworks/Sharing.framework/Versions/A/Sharing
0x00007ff80cf93000 	/System/Library/PrivateFrameworks/login.framework/Versions/A/Frameworks/loginsupport.framework/Versions/A/loginsupport
0x00007ff8198dc000 	/System/Library/PrivateFrameworks/Apple80211.framework/Versions/A/Apple80211
0x00007ff81022f000 	/System/Library/PrivateFrameworks/AuthKit.framework/Versions/A/AuthKit
0x00007ff80f88e000 	/System/Library/PrivateFrameworks/CoreUtils.framework/Versions/A/CoreUtils
0x00007ff80f7b5000 	/System/Library/Frameworks/CoreWLAN.framework/Versions/A/CoreWLAN
0x00007ff8145d7000 	/System/Library/Frameworks/IOBluetooth.framework/Versions/A/IOBluetooth
0x00007ff819944000 	/System/Library/PrivateFrameworks/CoreWiFi.framework/Versions/A/CoreWiFi
0x00007ff818379000 	/System/Library/PrivateFrameworks/FrontBoardServices.framework/Versions/A/FrontBoardServices
0x00007ff81840b000 	/System/Library/PrivateFrameworks/BoardServices.framework/Versions/A/BoardServices
0x00007ff80faa8000 	/System/Library/PrivateFrameworks/AssertionServices.framework/Versions/A/AssertionServices
0x00007ff819ac8000 	/System/Library/PrivateFrameworks/BackBoardServices.framework/Versions/A/BackBoardServices
0x00007ff8139dc000 	/System/Library/PrivateFrameworks/CorePhoneNumbers.framework/Versions/A/CorePhoneNumbers
0x00007ff81767b000 	/System/Library/PrivateFrameworks/DiskManagement.framework/Versions/A/DiskManagement
0x00007ff81758f000 	/System/Library/PrivateFrameworks/AppleIDAuthSupport.framework/Versions/A/AppleIDAuthSupport
0x00007ffa23caa000 	/System/Library/PrivateFrameworks/AAAFoundation.framework/Versions/A/AAAFoundation
0x00007ff8139bd000 	/System/Library/PrivateFrameworks/KeychainCircle.framework/Versions/A/KeychainCircle
0x00007ff817647000 	/System/Library/PrivateFrameworks/MediaKit.framework/Versions/A/MediaKit
0x00007ff81759b000 	/System/Library/Frameworks/DiscRecording.framework/Versions/A/DiscRecording
0x00007ff811082000 	/usr/lib/libCoreStorage.dylib
0x00007ff819db5000 	/usr/lib/libcsfde.dylib
0x00007ff8146a4000 	/System/Library/PrivateFrameworks/ProtectedCloudStorage.framework/Versions/A/ProtectedCloudStorage
0x00007ff819db1000 	/System/Library/PrivateFrameworks/EFILogin.framework/Versions/A/EFILogin
0x00007ff817cf8000 	/System/Library/PrivateFrameworks/OctagonTrust.framework/Versions/A/OctagonTrust
0x00007ffb08478000 	/System/Library/PrivateFrameworks/CoreUtilsExtras.framework/Versions/A/CoreUtilsExtras
0x00007ff8174ce000 	/System/Library/Frameworks/CoreBluetooth.framework/Versions/A/CoreBluetooth
0x00007ff81a42b000 	/System/Library/Frameworks/AudioUnit.framework/Versions/A/AudioUnit
0x00007ff81107a000 	/usr/lib/libMatch.1.dylib
0x00007ff90f2a8000 	/System/Library/Frameworks/Accelerate.framework/Versions/A/Frameworks/vImage.framework/Versions/A/Libraries/libCGInterfaces.dylib
0x000000010d3ac000 	/usr/lib/libobjc-trampolines.dylib
0x00007ff81c902000 	/System/Library/PrivateFrameworks/FamilyControls.framework/Versions/A/FamilyControls
0x00007ff81c926000 	/System/Library/PrivateFrameworks/CommerceKit.framework/Versions/A/Frameworks/CommerceCore.framework/Versions/A/CommerceCore
0x00007ff816a50000 	/System/Library/PrivateFrameworks/SystemAdministration.framework/Versions/A/SystemAdministration
0x00007ff81468b000 	/System/Library/PrivateFrameworks/AppContainer.framework/Versions/A/AppContainer
0x00007ff8146a0000 	/System/Library/PrivateFrameworks/SecCodeWrapper.framework/Versions/A/SecCodeWrapper
0x00007ff810f44000 	/System/Library/PrivateFrameworks/CrashReporterSupport.framework/Versions/A/CrashReporterSupport
0x00007ff916b6d000 	/System/Library/PrivateFrameworks/OSAnalytics.framework/Versions/A/OSAnalytics
0x00007ff921c23000 	/System/Library/PrivateFrameworks/Symbolication.framework/Versions/A/Symbolication
0x00007ff90aeb2000 	/System/Library/PrivateFrameworks/MallocStackLogging.framework/Versions/A/MallocStackLogging
0x00007ff8117d7000 	/System/Library/PrivateFrameworks/login.framework/Versions/A/login
0x00007ff81242e000 	/System/Library/Frameworks/MediaToolbox.framework/Versions/A/MediaToolbox
0x00007ff816355000 	/System/Library/Frameworks/DirectoryService.framework/Versions/A/DirectoryService
0x00007ff819c54000 	/System/Library/PrivateFrameworks/DiskImages.framework/Versions/A/DiskImages
0x00007ff80fb50000 	/System/Library/Frameworks/ServiceManagement.framework/Versions/A/ServiceManagement
0x00007ff819e2d000 	/System/Library/PrivateFrameworks/LoginUIKit.framework/Versions/A/Frameworks/LoginUICore.framework/Versions/A/LoginUICore
0x00007ff811985000 	/usr/lib/libodfde.dylib
0x00007ff817b2a000 	/System/Library/PrivateFrameworks/CoreAVCHD.framework/Versions/A/CoreAVCHD
0x00007ff816a14000 	/System/Library/Frameworks/MediaAccessibility.framework/Versions/A/MediaAccessibility
0x00007ff817b26000 	/System/Library/PrivateFrameworks/Mangrove.framework/Versions/A/Mangrove
0x00007ff816a1f000 	/System/Library/PrivateFrameworks/AlgosScoreFramework.framework/Versions/A/AlgosScoreFramework
0x00007ffb058e0000 	/System/Library/PrivateFrameworks/CMPhoto.framework/Versions/A/CMPhoto
0x00007ff81867a000 	/System/Library/PrivateFrameworks/AppleVPA.framework/Versions/A/AppleVPA
0x00007ff81776b000 	/System/Library/PrivateFrameworks/CoreAUC.framework/Versions/A/CoreAUC
0x00007ff819dc1000 	/usr/lib/libcurl.4.dylib
0x00007ff819b20000 	/usr/lib/libcrypto.44.dylib
0x00007ff819c27000 	/usr/lib/libssl.46.dylib
0x00007ff819ae6000 	/System/Library/Frameworks/LDAP.framework/Versions/A/LDAP
0x00007ff819b1e000 	/System/Library/PrivateFrameworks/TrustEvaluationAgent.framework/Versions/A/TrustEvaluationAgent
0x00007ff8132a9000 	/usr/lib/libsasl2.2.dylib
0x00007ff816a44000 	/System/Library/PrivateFrameworks/CoreDaemon.framework/Versions/B/CoreDaemon
0x00007ff816a3f000 	/System/Library/PrivateFrameworks/AppleSRP.framework/Versions/A/AppleSRP
0x00007ff80ccba000 	/System/Library/PrivateFrameworks/ViewBridge.framework/Versions/A/ViewBridge
0x000000010f7f0000 	/Library/Java/JavaVirtualMachines/jdk1.8.0_241.jdk/Contents/Home/jre/lib/libjavafx_font.dylib
0x0000000120973000 	/Library/Java/JavaVirtualMachines/jdk1.8.0_241.jdk/Contents/Home/jre/lib/libprism_common.dylib
0x00007ffb1ad42000 	/usr/lib/libRosetta.dylib

VM Arguments:
jvm_args: -javaagent:/Applications/IntelliJ IDEA CE.app/Contents/lib/idea_rt.jar=51553:/Applications/IntelliJ IDEA CE.app/Contents/bin -Dfile.encoding=UTF-8 
java_command: rocks.zipcode.atm.CashMachineApp
java_class_path (initial): /Library/Java/JavaVirtualMachines/jdk1.8.0_241.jdk/Contents/Home/jre/lib/charsets.jar:/Library/Java/JavaVirtualMachines/jdk1.8.0_241.jdk/Contents/Home/jre/lib/deploy.jar:/Library/Java/JavaVirtualMachines/jdk1.8.0_241.jdk/Contents/Home/jre/lib/ext/cldrdata.jar:/Library/Java/JavaVirtualMachines/jdk1.8.0_241.jdk/Contents/Home/jre/lib/ext/dnsns.jar:/Library/Java/JavaVirtualMachines/jdk1.8.0_241.jdk/Contents/Home/jre/lib/ext/jaccess.jar:/Library/Java/JavaVirtualMachines/jdk1.8.0_241.jdk/Contents/Home/jre/lib/ext/jfxrt.jar:/Library/Java/JavaVirtualMachines/jdk1.8.0_241.jdk/Contents/Home/jre/lib/ext/localedata.jar:/Library/Java/JavaVirtualMachines/jdk1.8.0_241.jdk/Contents/Home/jre/lib/ext/nashorn.jar:/Library/Java/JavaVirtualMachines/jdk1.8.0_241.jdk/Contents/Home/jre/lib/ext/sunec.jar:/Library/Java/JavaVirtualMachines/jdk1.8.0_241.jdk/Contents/Home/jre/lib/ext/sunjce_provider.jar:/Library/Java/JavaVirtualMachines/jdk1.8.0_241.jdk/Contents/Home/jre/lib/ext/sunpkcs11.jar:/Library/Java/JavaVirtualMachines/jdk1.8.0_241.jdk/Contents/Home/jre/lib/ext/zipfs.jar:/Library/Java/JavaVirtualMachines/jdk1.8.0_241.jdk/Contents/Home/jre/lib/javaws.jar:/Library/Java/JavaVirtualMachines/jdk1.8.0_241.jdk/Contents/Home/jre/lib/jce.jar:/Library/Java/JavaVirtualMachines/jdk1.8.0_241.jdk/Contents/Home/jre/lib/jfr.jar:/Library/Java/JavaVirtualMachines/jdk1.8.0_241.jdk/Contents/Home/jre/lib/jfxswt.jar:/Library/Java/JavaVirtualMachines/jdk1.8.0_241.jdk/Contents/Home/jre/lib/jsse.jar:/Library/Java/JavaVirtualMachines/jdk1.8.0_241.jdk/Contents/Home/jre/lib/management-agent.jar:/Library/Java/JavaVirtualMachines/jdk1.8.0_241.jdk/Contents/Home/jre/lib/plugin.jar:/Library/Java/JavaVirtualMachines/jdk1.8.0_241.jdk/Contents/Home/jre/lib/resources.jar:/Library/Java/JavaVirtualMachines/jdk1.8.0_241.jdk/Contents/Home/jre/lib/rt.jar:/Library/Java/JavaVirtualMachines/jdk1.8.0_241.jdk/Contents/Home/lib/ant-javafx.jar:/Library/Java/JavaVirtualMachines/jdk1.8.0_241.jdk/Contents/Home
Launcher Type: SUN_STANDARD

Environment Variables:
PATH=/usr/local/bin:/usr/bin:/bin:/usr/sbin:/sbin:/usr/local/mysql/bin:/Library/Frameworks/Mono.framework/Versions/Current/Commands
SHELL=/bin/zsh

Signal Handlers:
SIGSEGV: [libjvm.dylib+0x5bd1a7], sa_mask[0]=11111111011111110111111111111111, sa_flags=SA_ONSTACK|SA_RESTART|SA_SIGINFO
SIGBUS: [libjvm.dylib+0x5bd1a7], sa_mask[0]=11111111011111110111111111111111, sa_flags=SA_RESTART|SA_SIGINFO
SIGFPE: [libjvm.dylib+0x48e178], sa_mask[0]=11111111011111110111111111111111, sa_flags=SA_RESTART|SA_SIGINFO
SIGPIPE: [libjvm.dylib+0x48e178], sa_mask[0]=11111111011111110111111111111111, sa_flags=SA_RESTART|SA_SIGINFO
SIGXFSZ: [libjvm.dylib+0x48e178], sa_mask[0]=11111111011111110111111111111111, sa_flags=SA_RESTART|SA_SIGINFO
SIGILL: [libjvm.dylib+0x48e178], sa_mask[0]=11111111011111110111111111111111, sa_flags=SA_RESTART|SA_SIGINFO
SIGUSR1: SIG_DFL, sa_mask[0]=00000000000000000000000000000000, sa_flags=none
SIGUSR2: [libjvm.dylib+0x48dc96], sa_mask[0]=00100000000000000000000000000000, sa_flags=SA_RESTART|SA_SIGINFO
SIGHUP: [libjvm.dylib+0x48c221], sa_mask[0]=11111111011111110111111111111111, sa_flags=SA_RESTART|SA_SIGINFO
SIGINT: [libjvm.dylib+0x48c221], sa_mask[0]=11111111011111110111111111111111, sa_flags=SA_RESTART|SA_SIGINFO
SIGTERM: [libjvm.dylib+0x48c221], sa_mask[0]=11111111011111110111111111111111, sa_flags=SA_RESTART|SA_SIGINFO
SIGQUIT: [libjvm.dylib+0x48c221], sa_mask[0]=11111111011111110111111111111111, sa_flags=SA_RESTART|SA_SIGINFO


---------------  S Y S T E M  ---------------

OS:Bsduname:Darwin 21.1.0 Darwin Kernel Version 21.1.0: Wed Oct 13 17:33:23 PDT 2021; root:xnu-8019.41.5~1/RELEASE_X86_64 x86_64
rlimit: STACK 8192k, CORE 0k, NPROC 1392, NOFILE 10240, AS infinity
load average:1.96 2.07 1.97

CPU:total 4 (initial active 4) (2 cores per cpu, 2 threads per core) family 6 model 142 stepping 9, cmov, cx8, fxsr, mmx, sse, sse2, sse3, ssse3, sse4.1, sse4.2, popcnt, avx, avx2, aes, clmul, erms, rtm, 3dnowpref, lzcnt, ht, tsc, tscinvbit, bmi1, bmi2, adx

Memory: 4k page, physical 8388608k(76140k free)

/proc/meminfo:


vm_info: Java HotSpot(TM) 64-Bit Server VM (25.241-b07) for bsd-amd64 JRE (1.8.0_241-b07), built on Dec 11 2019 02:29:59 by "java_re" with gcc 4.2.1 (Based on Apple Inc. build 5658) (LLVM build 2336.11.00)

time: Tue Nov 16 07:01:26 2021
timezone: EST
elapsed time: 5 seconds (0d 0h 0m 5s)

